<?xml version="1.0" encoding="UTF-8"?>
<!-- Generated by org.testng.reporters.JUnitReportReporter -->
<testsuite hostname="linux-HP-Compaq-dc7900-Small-Form-Factor" name="com.ltng01.test.HomePage" tests="13" failures="0" timestamp="17 Aug 2016 14:33:28 GMT" time="0.202" errors="0">
  <testcase name="test_HomePage" time="0.032" classname="com.ltng01.test.HomePage"/>
  <testcase name="test_About" time="0.006" classname="com.ltng01.test.HomePage"/>
  <testcase name="test_DashBoard_Logout" time="0.024" classname="com.ltng01.test.HomePage"/>
  <testcase name="test_HomePage" time="0.017" classname="com.ltng01.test.HomePage"/>
  <testcase name="test_HomePage" time="0.014" classname="com.ltng01.test.HomePage"/>
  <testcase name="test_DashBoard_Login" time="0.004" classname="com.ltng01.test.HomePage"/>
  <testcase name="test_HomePage" time="0.014" classname="com.ltng01.test.HomePage"/>
  <testcase name="test_HomePage" time="0.012" classname="com.ltng01.test.HomePage"/>
  <testcase name="test_HomePage" time="0.012" classname="com.ltng01.test.HomePage"/>
  <testcase name="test_HomePage" time="0.012" classname="com.ltng01.test.HomePage"/>
  <testcase name="test_HomePage" time="0.033" classname="com.ltng01.test.HomePage"/>
  <testcase name="test_Help" time="0.008" classname="com.ltng01.test.HomePage"/>
  <testcase name="test_HomePage" time="0.014" classname="com.ltng01.test.HomePage"/>
</testsuite> <!-- com.ltng01.test.HomePage -->
