<?xml version="1.0" encoding="UTF-8"?>
<!-- Generated by org.testng.reporters.JUnitReportReporter -->
<testsuite hostname="linux-HP-Compaq-dc7900-Small-Form-Factor" name="com.ltng01.test.HomePage" tests="13" failures="0" timestamp="17 Aug 2016 16:17:01 GMT" time="0.020" errors="0">
  <testcase name="test_About" time="0.001" classname="com.ltng01.test.HomePage"/>
  <testcase name="test_HomePage" time="0.002" classname="com.ltng01.test.HomePage"/>
  <testcase name="test_HomePage" time="0.002" classname="com.ltng01.test.HomePage"/>
  <testcase name="test_HomePage" time="0.001" classname="com.ltng01.test.HomePage"/>
  <testcase name="test_HomePage" time="0.000" classname="com.ltng01.test.HomePage"/>
  <testcase name="test_DashBoard_Logout" time="0.000" classname="com.ltng01.test.HomePage"/>
  <testcase name="test_DashBoard_Login" time="0.001" classname="com.ltng01.test.HomePage"/>
  <testcase name="test_HomePage" time="0.003" classname="com.ltng01.test.HomePage"/>
  <testcase name="test_HomePage" time="0.002" classname="com.ltng01.test.HomePage"/>
  <testcase name="test_HomePage" time="0.004" classname="com.ltng01.test.HomePage"/>
  <testcase name="test_HomePage" time="0.000" classname="com.ltng01.test.HomePage"/>
  <testcase name="test_Help" time="0.003" classname="com.ltng01.test.HomePage"/>
  <testcase name="test_HomePage" time="0.001" classname="com.ltng01.test.HomePage"/>
</testsuite> <!-- com.ltng01.test.HomePage -->
